[2025-08-19 11:33:45,619: INFO: main: Welcome to our custom log]
[2025-08-19 12:43:23,280: INFO: common: yaml file: config\config.yaml loaded successfully]
[2025-08-19 12:43:23,331: INFO: common: yaml file: params.yaml loaded successfully]
[2025-08-19 12:43:23,334: INFO: common: created directory at: artifacts]
[2025-08-19 12:43:23,336: INFO: common: created directory at: artifacts/data_ingestion]
[2025-08-19 12:43:23,337: INFO: 967806046: Downloading data from https://drive.google.com/file/d/1x6wLWvnuMUv-0PEpRlM9EyoSkvkix5c9/view?usp=sharing into file artifacts/data_ingestion/data.zip]
[2025-08-19 12:44:07,330: INFO: 967806046: Downloaded data from https://drive.google.com/file/d/1x6wLWvnuMUv-0PEpRlM9EyoSkvkix5c9/view?usp=sharing into file artifacts/data_ingestion/data.zip]
[2025-08-19 12:45:42,923: INFO: common: yaml file: config\config.yaml loaded successfully]
[2025-08-19 12:45:42,925: INFO: common: yaml file: params.yaml loaded successfully]
[2025-08-19 12:45:42,928: INFO: common: created directory at: artifacts]
[2025-08-19 12:45:42,929: INFO: common: created directory at: artifacts/data_ingestion]
[2025-08-19 12:45:42,931: INFO: 967806046: Downloading data from https://drive.google.com/file/d/1zpBuGm1QOBWH9-NAcx-_7NQ-aidcvk8P/view?usp=sharing into file artifacts/data_ingestion/data.zip]
[2025-08-19 12:46:03,268: INFO: 967806046: Downloaded data from https://drive.google.com/file/d/1zpBuGm1QOBWH9-NAcx-_7NQ-aidcvk8P/view?usp=sharing into file artifacts/data_ingestion/data.zip]
[2025-08-19 13:06:33,761: INFO: main: >>>>>> stage Data Ingestion stage started <<<<<<]
[2025-08-19 13:06:33,761: INFO: common: yaml file: config\config.yaml loaded successfully]
[2025-08-19 13:06:33,761: INFO: common: yaml file: params.yaml loaded successfully]
[2025-08-19 13:06:33,761: INFO: common: created directory at: artifacts]
[2025-08-19 13:06:33,761: INFO: common: created directory at: artifacts/data_ingestion]
[2025-08-19 13:06:33,761: INFO: data_ingestion: Downloading data from https://drive.google.com/file/d/1zpBuGm1QOBWH9-NAcx-_7NQ-aidcvk8P/view?usp=sharing into file artifacts/data_ingestion/data.zip]
[2025-08-19 13:06:54,713: INFO: data_ingestion: Downloaded data from https://drive.google.com/file/d/1zpBuGm1QOBWH9-NAcx-_7NQ-aidcvk8P/view?usp=sharing into file artifacts/data_ingestion/data.zip]
[2025-08-19 13:06:55,604: INFO: main: >>>>>> stage Data Ingestion stage completed <<<<<<

x==========x]
[2025-08-19 13:59:46,937: INFO: common: yaml file: config\config.yaml loaded successfully]
[2025-08-19 13:59:46,944: INFO: common: yaml file: params.yaml loaded successfully]
[2025-08-19 13:59:47,002: INFO: common: created directory at: artifacts]
[2025-08-19 13:59:47,007: INFO: common: created directory at: artifacts/prepare_base_model]
[2025-08-19 13:59:52,090: WARNING: saving_utils: Compiled the loaded model, but the compiled metrics have yet to be built. `model.compile_metrics` will be empty until you train or evaluate the model.]
[2025-08-19 14:38:42,830: INFO: main: >>>>>> stage Data Ingestion stage started <<<<<<]
[2025-08-19 14:38:42,845: INFO: common: yaml file: config\config.yaml loaded successfully]
[2025-08-19 14:38:42,845: INFO: common: yaml file: params.yaml loaded successfully]
[2025-08-19 14:38:42,845: INFO: common: created directory at: artifacts]
[2025-08-19 14:38:42,845: INFO: common: created directory at: artifacts/data_ingestion]
[2025-08-19 14:38:42,845: INFO: data_ingestion: Downloading data from https://drive.google.com/file/d/1zpBuGm1QOBWH9-NAcx-_7NQ-aidcvk8P/view?usp=sharing into file artifacts/data_ingestion/data.zip]
[2025-08-19 14:39:02,549: INFO: data_ingestion: Downloaded data from https://drive.google.com/file/d/1zpBuGm1QOBWH9-NAcx-_7NQ-aidcvk8P/view?usp=sharing into file artifacts/data_ingestion/data.zip]
[2025-08-19 14:39:03,346: INFO: main: >>>>>> stage Data Ingestion stage completed <<<<<<

x==========x]
[2025-08-19 14:39:03,346: INFO: main: *******************]
[2025-08-19 14:39:03,346: INFO: main: >>>>>> stage Prepare base model started <<<<<<]
[2025-08-19 14:39:03,346: INFO: common: yaml file: config\config.yaml loaded successfully]
[2025-08-19 14:39:03,362: INFO: common: yaml file: params.yaml loaded successfully]
[2025-08-19 14:39:03,362: INFO: common: created directory at: artifacts]
[2025-08-19 14:39:03,362: INFO: common: created directory at: artifacts/prepare_base_model]
[2025-08-19 14:39:03,990: WARNING: saving_utils: Compiled the loaded model, but the compiled metrics have yet to be built. `model.compile_metrics` will be empty until you train or evaluate the model.]
[2025-08-19 14:39:04,381: INFO: main: >>>>>> stage Prepare base model completed <<<<<<

x==========x]
[2025-08-19 15:07:56,760: INFO: common: yaml file: config\config.yaml loaded successfully]
[2025-08-19 15:07:56,764: INFO: common: yaml file: params.yaml loaded successfully]
[2025-08-19 15:07:56,766: INFO: common: created directory at: artifacts]
[2025-08-19 15:07:56,768: INFO: common: created directory at: artifacts\training]
[2025-08-19 16:05:58,935: INFO: main: >>>>>> stage Data Ingestion stage started <<<<<<]
[2025-08-19 16:05:58,935: INFO: common: yaml file: config\config.yaml loaded successfully]
[2025-08-19 16:05:58,951: INFO: common: yaml file: params.yaml loaded successfully]
[2025-08-19 16:05:58,951: INFO: common: created directory at: artifacts]
[2025-08-19 16:05:58,951: INFO: common: created directory at: artifacts/data_ingestion]
[2025-08-19 16:05:58,951: INFO: data_ingestion: Downloading data from https://drive.google.com/file/d/1zpBuGm1QOBWH9-NAcx-_7NQ-aidcvk8P/view?usp=sharing into file artifacts/data_ingestion/data.zip]
[2025-08-19 16:06:18,705: INFO: data_ingestion: Downloaded data from https://drive.google.com/file/d/1zpBuGm1QOBWH9-NAcx-_7NQ-aidcvk8P/view?usp=sharing into file artifacts/data_ingestion/data.zip]
[2025-08-19 16:06:19,517: INFO: main: >>>>>> stage Data Ingestion stage completed <<<<<<

x==========x]
[2025-08-19 16:06:19,517: INFO: main: *******************]
[2025-08-19 16:06:19,517: INFO: main: >>>>>> stage Prepare base model started <<<<<<]
[2025-08-19 16:06:19,517: INFO: common: yaml file: config\config.yaml loaded successfully]
[2025-08-19 16:06:19,533: INFO: common: yaml file: params.yaml loaded successfully]
[2025-08-19 16:06:19,533: INFO: common: created directory at: artifacts]
[2025-08-19 16:06:19,533: INFO: common: created directory at: artifacts/prepare_base_model]
[2025-08-19 16:06:22,099: WARNING: saving_utils: Compiled the loaded model, but the compiled metrics have yet to be built. `model.compile_metrics` will be empty until you train or evaluate the model.]
[2025-08-19 16:06:22,380: INFO: main: >>>>>> stage Prepare base model completed <<<<<<

x==========x]
[2025-08-19 16:06:22,380: INFO: main: *******************]
[2025-08-19 16:06:22,380: INFO: main: >>>>>> stage Training started <<<<<<]
[2025-08-19 16:06:22,380: INFO: common: yaml file: config\config.yaml loaded successfully]
[2025-08-19 16:06:22,380: INFO: common: yaml file: params.yaml loaded successfully]
[2025-08-19 16:06:22,380: INFO: common: created directory at: artifacts]
[2025-08-19 16:06:22,380: INFO: common: created directory at: artifacts\training]
[2025-08-19 16:10:02,219: INFO: main: >>>>>> stage Training completed <<<<<<

x==========x]
[2025-08-19 16:52:40,671: INFO: common: yaml file: config\config.yaml loaded successfully]
[2025-08-19 16:52:40,675: INFO: common: yaml file: params.yaml loaded successfully]
[2025-08-19 16:52:40,678: INFO: common: created directory at: artifacts]
[2025-08-19 16:53:43,259: WARNING: save: Found untraced functions such as _jit_compiled_convolution_op, _jit_compiled_convolution_op, _jit_compiled_convolution_op, _jit_compiled_convolution_op, _jit_compiled_convolution_op while saving (showing 5 of 14). These functions will not be directly callable after loading.]
[2025-08-19 16:53:45,161: INFO: builder_impl: Assets written to: C:\Users\deepak\AppData\Local\Temp\tmp9zsajihx\model\data\model\assets]
[2025-08-19 17:09:55,949: INFO: common: yaml file: config\config.yaml loaded successfully]
[2025-08-19 17:09:55,953: INFO: common: yaml file: params.yaml loaded successfully]
[2025-08-19 17:09:55,954: INFO: common: created directory at: artifacts]
[2025-08-19 17:11:00,106: INFO: common: json file saved at: scores.json]
[2025-08-19 17:11:03,969: WARNING: save: Found untraced functions such as _jit_compiled_convolution_op, _jit_compiled_convolution_op, _jit_compiled_convolution_op, _jit_compiled_convolution_op, _jit_compiled_convolution_op while saving (showing 5 of 14). These functions will not be directly callable after loading.]
[2025-08-19 17:11:06,058: INFO: builder_impl: Assets written to: C:\Users\deepak\AppData\Local\Temp\tmpbq_jzklh\model\data\model\assets]
[2025-08-19 17:18:15,689: INFO: common: yaml file: config\config.yaml loaded successfully]
[2025-08-19 17:18:15,706: INFO: common: yaml file: params.yaml loaded successfully]
[2025-08-19 17:18:15,708: INFO: common: created directory at: artifacts]
[2025-08-19 17:19:22,925: INFO: common: json file saved at: scores.json]
[2025-08-19 17:19:26,503: WARNING: save: Found untraced functions such as _jit_compiled_convolution_op, _jit_compiled_convolution_op, _jit_compiled_convolution_op, _jit_compiled_convolution_op, _jit_compiled_convolution_op while saving (showing 5 of 14). These functions will not be directly callable after loading.]
[2025-08-19 17:19:28,387: INFO: builder_impl: Assets written to: C:\Users\deepak\AppData\Local\Temp\tmp3a776ake\model\data\model\assets]
[2025-08-19 17:23:21,110: INFO: common: yaml file: config\config.yaml loaded successfully]
[2025-08-19 17:23:21,116: INFO: common: yaml file: params.yaml loaded successfully]
[2025-08-19 17:23:21,117: INFO: common: created directory at: artifacts]
[2025-08-19 17:24:25,638: INFO: common: json file saved at: scores.json]
[2025-08-19 17:24:29,290: WARNING: save: Found untraced functions such as _jit_compiled_convolution_op, _jit_compiled_convolution_op, _jit_compiled_convolution_op, _jit_compiled_convolution_op, _jit_compiled_convolution_op while saving (showing 5 of 14). These functions will not be directly callable after loading.]
[2025-08-19 17:24:31,062: INFO: builder_impl: Assets written to: C:\Users\deepak\AppData\Local\Temp\tmpgj5j2hr8\model\data\model\assets]
[2025-08-19 17:32:21,854: INFO: common: yaml file: config\config.yaml loaded successfully]
[2025-08-19 17:32:21,859: INFO: common: yaml file: params.yaml loaded successfully]
[2025-08-19 17:32:21,861: INFO: common: created directory at: artifacts]
[2025-08-19 17:33:25,356: INFO: common: json file saved at: scores.json]
[2025-08-19 17:33:28,850: WARNING: save: Found untraced functions such as _jit_compiled_convolution_op, _jit_compiled_convolution_op, _jit_compiled_convolution_op, _jit_compiled_convolution_op, _jit_compiled_convolution_op while saving (showing 5 of 14). These functions will not be directly callable after loading.]
[2025-08-19 17:33:30,620: INFO: builder_impl: Assets written to: C:\Users\deepak\AppData\Local\Temp\tmpl_jnvnuz\model\data\model\assets]
[2025-08-19 17:41:28,387: INFO: _client: HTTP Request: GET https://dagshub.com/api/v1/repos/deepaku0222/Kidney-Disease-Classification-MLflow-DVC "HTTP/1.1 200 OK"]
[2025-08-19 17:41:28,416: INFO: helpers: Initialized MLflow to track repo "deepaku0222/Kidney-Disease-Classification-MLflow-DVC"]
[2025-08-19 17:41:28,423: INFO: helpers: Repository deepaku0222/Kidney-Disease-Classification-MLflow-DVC initialized!]
[2025-08-19 17:42:28,060: INFO: common: yaml file: config\config.yaml loaded successfully]
[2025-08-19 17:42:28,064: INFO: common: yaml file: params.yaml loaded successfully]
[2025-08-19 17:42:28,066: INFO: common: created directory at: artifacts]
[2025-08-19 17:43:34,328: INFO: common: json file saved at: scores.json]
[2025-08-19 17:43:38,257: WARNING: save: Found untraced functions such as _jit_compiled_convolution_op, _jit_compiled_convolution_op, _jit_compiled_convolution_op, _jit_compiled_convolution_op, _jit_compiled_convolution_op while saving (showing 5 of 14). These functions will not be directly callable after loading.]
[2025-08-19 17:43:39,975: INFO: builder_impl: Assets written to: C:\Users\deepak\AppData\Local\Temp\tmp_a74lk22\model\data\model\assets]
[2025-08-19 17:46:12,847: INFO: common: yaml file: config\config.yaml loaded successfully]
[2025-08-19 17:46:12,852: INFO: common: yaml file: params.yaml loaded successfully]
[2025-08-19 17:46:12,854: INFO: common: created directory at: artifacts]
[2025-08-19 17:47:28,757: INFO: common: json file saved at: scores.json]
[2025-08-19 17:47:32,425: WARNING: save: Found untraced functions such as _jit_compiled_convolution_op, _jit_compiled_convolution_op, _jit_compiled_convolution_op, _jit_compiled_convolution_op, _jit_compiled_convolution_op while saving (showing 5 of 14). These functions will not be directly callable after loading.]
[2025-08-19 17:47:34,163: INFO: builder_impl: Assets written to: C:\Users\deepak\AppData\Local\Temp\tmpmfalruty\model\data\model\assets]
[2025-08-19 17:57:29,306: INFO: common: yaml file: config\config.yaml loaded successfully]
[2025-08-19 17:57:29,319: INFO: common: yaml file: params.yaml loaded successfully]
[2025-08-19 17:57:29,319: INFO: common: created directory at: artifacts]
[2025-08-19 17:58:38,513: INFO: common: json file saved at: scores.json]
[2025-08-19 17:58:42,121: WARNING: save: Found untraced functions such as _jit_compiled_convolution_op, _jit_compiled_convolution_op, _jit_compiled_convolution_op, _jit_compiled_convolution_op, _jit_compiled_convolution_op while saving (showing 5 of 14). These functions will not be directly callable after loading.]
[2025-08-19 17:58:43,890: INFO: builder_impl: Assets written to: C:\Users\deepak\AppData\Local\Temp\tmpcyqa7x95\model\data\model\assets]
[2025-08-19 18:01:51,896: INFO: main: >>>>>> stage Data Ingestion stage started <<<<<<]
[2025-08-19 18:01:51,912: INFO: common: yaml file: config\config.yaml loaded successfully]
[2025-08-19 18:01:51,912: INFO: common: yaml file: params.yaml loaded successfully]
[2025-08-19 18:01:51,912: INFO: common: created directory at: artifacts]
[2025-08-19 18:01:51,912: INFO: common: created directory at: artifacts/data_ingestion]
[2025-08-19 18:01:51,928: INFO: data_ingestion: Downloading data from https://drive.google.com/file/d/1zpBuGm1QOBWH9-NAcx-_7NQ-aidcvk8P/view?usp=sharing into file artifacts/data_ingestion/data.zip]
[2025-08-19 18:02:11,267: INFO: data_ingestion: Downloaded data from https://drive.google.com/file/d/1zpBuGm1QOBWH9-NAcx-_7NQ-aidcvk8P/view?usp=sharing into file artifacts/data_ingestion/data.zip]
[2025-08-19 18:02:12,220: INFO: main: >>>>>> stage Data Ingestion stage completed <<<<<<

x==========x]
[2025-08-19 18:02:12,220: INFO: main: *******************]
[2025-08-19 18:02:12,220: INFO: main: >>>>>> stage Prepare base model started <<<<<<]
[2025-08-19 18:02:12,220: INFO: common: yaml file: config\config.yaml loaded successfully]
[2025-08-19 18:02:12,220: INFO: common: yaml file: params.yaml loaded successfully]
[2025-08-19 18:02:12,220: INFO: common: created directory at: artifacts]
[2025-08-19 18:02:12,220: INFO: common: created directory at: artifacts/prepare_base_model]
[2025-08-19 18:02:13,899: WARNING: saving_utils: Compiled the loaded model, but the compiled metrics have yet to be built. `model.compile_metrics` will be empty until you train or evaluate the model.]
[2025-08-19 18:02:14,195: INFO: main: >>>>>> stage Prepare base model completed <<<<<<

x==========x]
[2025-08-19 18:02:14,195: INFO: main: *******************]
[2025-08-19 18:02:14,195: INFO: main: >>>>>> stage Training started <<<<<<]
[2025-08-19 18:02:14,195: INFO: common: yaml file: config\config.yaml loaded successfully]
[2025-08-19 18:02:14,195: INFO: common: yaml file: params.yaml loaded successfully]
[2025-08-19 18:02:14,195: INFO: common: created directory at: artifacts]
[2025-08-19 18:02:14,274: INFO: common: created directory at: artifacts\training]
[2025-08-19 18:25:10,233: INFO: main: >>>>>> stage Training completed <<<<<<

x==========x]
[2025-08-19 18:49:39,852: INFO: common: yaml file: config\config.yaml loaded successfully]
[2025-08-19 18:49:39,856: INFO: common: yaml file: params.yaml loaded successfully]
[2025-08-19 18:49:39,858: INFO: common: created directory at: artifacts]
[2025-08-19 18:50:34,930: INFO: common: json file saved at: scores.json]
[2025-08-19 18:50:35,834: INFO: _client: HTTP Request: GET https://dagshub.com/api/v1/repos/deepaku0222/Kidney-Disease-Classification-MLflow-DVC "HTTP/1.1 200 OK"]
[2025-08-19 18:50:35,834: INFO: helpers: Initialized MLflow to track repo "deepaku0222/Kidney-Disease-Classification-MLflow-DVC"]
[2025-08-19 18:50:35,855: INFO: helpers: Repository deepaku0222/Kidney-Disease-Classification-MLflow-DVC initialized!]
[2025-08-19 18:50:39,775: WARNING: save: Found untraced functions such as _jit_compiled_convolution_op, _jit_compiled_convolution_op, _jit_compiled_convolution_op, _jit_compiled_convolution_op, _jit_compiled_convolution_op while saving (showing 5 of 14). These functions will not be directly callable after loading.]
[2025-08-19 18:50:41,629: INFO: builder_impl: Assets written to: C:\Users\deepak\AppData\Local\Temp\tmp6xl7yf4a\model\data\model\assets]
[2025-08-20 11:29:36,515: INFO: common: yaml file: config\config.yaml loaded successfully]
[2025-08-20 11:29:36,599: INFO: common: yaml file: params.yaml loaded successfully]
[2025-08-20 11:29:36,602: INFO: common: created directory at: artifacts]
[2025-08-20 11:31:05,597: INFO: common: json file saved at: scores.json]
[2025-08-20 11:31:06,588: INFO: _client: HTTP Request: GET https://dagshub.com/api/v1/repos/deepaku0222/Kidney-Disease-Classification-MLflow-DVC "HTTP/1.1 200 OK"]
[2025-08-20 11:31:06,588: INFO: helpers: Initialized MLflow to track repo "deepaku0222/Kidney-Disease-Classification-MLflow-DVC"]
[2025-08-20 11:31:06,602: INFO: helpers: Repository deepaku0222/Kidney-Disease-Classification-MLflow-DVC initialized!]
[2025-08-20 11:31:11,612: WARNING: save: Found untraced functions such as _jit_compiled_convolution_op, _jit_compiled_convolution_op, _jit_compiled_convolution_op, _jit_compiled_convolution_op, _jit_compiled_convolution_op while saving (showing 5 of 14). These functions will not be directly callable after loading.]
[2025-08-20 11:31:13,766: INFO: builder_impl: Assets written to: C:\Users\deepak\AppData\Local\Temp\tmpwxo2y52c\model\data\model\assets]
[2025-08-20 11:47:45,090: INFO: common: yaml file: config\config.yaml loaded successfully]
[2025-08-20 11:47:45,107: INFO: common: yaml file: params.yaml loaded successfully]
[2025-08-20 11:47:45,107: INFO: common: created directory at: artifacts]
[2025-08-20 11:48:44,655: INFO: common: json file saved at: scores.json]
[2025-08-20 11:48:45,607: INFO: _client: HTTP Request: GET https://dagshub.com/api/v1/repos/deepaku0222/Kidney-Disease-Classification-MLflow-DVC "HTTP/1.1 200 OK"]
[2025-08-20 11:48:45,622: INFO: helpers: Initialized MLflow to track repo "deepaku0222/Kidney-Disease-Classification-MLflow-DVC"]
[2025-08-20 11:48:45,622: INFO: helpers: Repository deepaku0222/Kidney-Disease-Classification-MLflow-DVC initialized!]
[2025-08-20 11:48:49,725: WARNING: save: Found untraced functions such as _jit_compiled_convolution_op, _jit_compiled_convolution_op, _jit_compiled_convolution_op, _jit_compiled_convolution_op, _jit_compiled_convolution_op while saving (showing 5 of 14). These functions will not be directly callable after loading.]
[2025-08-20 11:48:51,961: INFO: builder_impl: Assets written to: C:\Users\deepak\AppData\Local\Temp\tmpxrvv6rvz\model\data\model\assets]
[2025-08-20 11:54:26,126: INFO: common: yaml file: config\config.yaml loaded successfully]
[2025-08-20 11:54:26,126: INFO: common: yaml file: params.yaml loaded successfully]
[2025-08-20 11:54:26,126: INFO: common: created directory at: artifacts]
[2025-08-20 11:55:25,628: INFO: common: json file saved at: scores.json]
[2025-08-20 11:55:26,662: INFO: _client: HTTP Request: GET https://dagshub.com/api/v1/repos/deepaku0222/Kidney-Disease-Classification-MLflow-DVC "HTTP/1.1 200 OK"]
[2025-08-20 11:55:26,678: INFO: helpers: Initialized MLflow to track repo "deepaku0222/Kidney-Disease-Classification-MLflow-DVC"]
[2025-08-20 11:55:26,690: INFO: helpers: Repository deepaku0222/Kidney-Disease-Classification-MLflow-DVC initialized!]
[2025-08-20 11:55:30,107: WARNING: save: Found untraced functions such as _jit_compiled_convolution_op, _jit_compiled_convolution_op, _jit_compiled_convolution_op, _jit_compiled_convolution_op, _jit_compiled_convolution_op while saving (showing 5 of 14). These functions will not be directly callable after loading.]
[2025-08-20 11:55:32,000: INFO: builder_impl: Assets written to: C:\Users\deepak\AppData\Local\Temp\tmpfg8n9sbh\model\data\model\assets]
[2025-08-20 12:02:43,321: INFO: common: yaml file: config\config.yaml loaded successfully]
[2025-08-20 12:02:43,332: INFO: common: yaml file: params.yaml loaded successfully]
[2025-08-20 12:02:43,332: INFO: common: created directory at: artifacts]
[2025-08-20 12:03:41,292: INFO: common: json file saved at: scores.json]
[2025-08-20 12:03:42,407: INFO: _client: HTTP Request: GET https://dagshub.com/api/v1/repos/deepaku0222/Kidney-Disease-Classification-MLflow-DVC "HTTP/1.1 200 OK"]
[2025-08-20 12:03:42,423: INFO: helpers: Initialized MLflow to track repo "deepaku0222/Kidney-Disease-Classification-MLflow-DVC"]
[2025-08-20 12:03:42,423: INFO: helpers: Repository deepaku0222/Kidney-Disease-Classification-MLflow-DVC initialized!]
[2025-08-20 12:03:46,412: WARNING: save: Found untraced functions such as _jit_compiled_convolution_op, _jit_compiled_convolution_op, _jit_compiled_convolution_op, _jit_compiled_convolution_op, _jit_compiled_convolution_op while saving (showing 5 of 14). These functions will not be directly callable after loading.]
[2025-08-20 12:03:48,214: INFO: builder_impl: Assets written to: C:\Users\deepak\AppData\Local\Temp\tmpiougis0f\model\data\model\assets]
[2025-08-20 12:23:47,962: INFO: common: yaml file: config\config.yaml loaded successfully]
[2025-08-20 12:23:47,962: INFO: common: yaml file: params.yaml loaded successfully]
[2025-08-20 12:23:47,962: INFO: common: created directory at: artifacts]
[2025-08-20 12:24:52,208: INFO: common: json file saved at: scores.json]
[2025-08-20 12:26:39,256: INFO: common: yaml file: config\config.yaml loaded successfully]
[2025-08-20 12:26:39,256: INFO: common: yaml file: params.yaml loaded successfully]
[2025-08-20 12:26:39,272: INFO: common: created directory at: artifacts]
[2025-08-20 12:27:53,569: INFO: common: json file saved at: scores.json]
[2025-08-20 12:27:54,635: INFO: _client: HTTP Request: GET https://dagshub.com/api/v1/user "HTTP/1.1 200 OK"]
[2025-08-20 12:27:54,651: INFO: helpers: Accessing as deepaku0222]
[2025-08-20 12:27:55,815: INFO: _client: HTTP Request: GET https://dagshub.com/api/v1/repos/deepaku0222/Kidney-Disease-Classification-MLflow-DVC "HTTP/1.1 200 OK"]
[2025-08-20 12:27:56,754: INFO: _client: HTTP Request: GET https://dagshub.com/api/v1/user "HTTP/1.1 200 OK"]
[2025-08-20 12:27:56,754: INFO: helpers: Initialized MLflow to track repo "deepaku0222/Kidney-Disease-Classification-MLflow-DVC"]
[2025-08-20 12:27:56,770: INFO: helpers: Repository deepaku0222/Kidney-Disease-Classification-MLflow-DVC initialized!]
[2025-08-20 12:28:01,240: WARNING: save: Found untraced functions such as _jit_compiled_convolution_op, _jit_compiled_convolution_op, _jit_compiled_convolution_op, _jit_compiled_convolution_op, _jit_compiled_convolution_op while saving (showing 5 of 14). These functions will not be directly callable after loading.]
[2025-08-20 12:28:03,046: INFO: builder_impl: Assets written to: C:\Users\deepak\AppData\Local\Temp\tmpf2b9a7nk\model\data\model\assets]
[2025-08-20 12:50:49,261: INFO: main: >>>>>> stage Data Ingestion stage started <<<<<<]
[2025-08-20 12:50:49,261: INFO: common: yaml file: config\config.yaml loaded successfully]
[2025-08-20 12:50:49,261: INFO: common: yaml file: params.yaml loaded successfully]
[2025-08-20 12:50:49,261: INFO: common: created directory at: artifacts]
[2025-08-20 12:50:49,261: INFO: common: created directory at: artifacts/data_ingestion]
[2025-08-20 12:50:49,261: INFO: data_ingestion: Downloading data from https://drive.google.com/file/d/1zpBuGm1QOBWH9-NAcx-_7NQ-aidcvk8P/view?usp=sharing into file artifacts/data_ingestion/data.zip]
[2025-08-20 12:51:09,709: INFO: data_ingestion: Downloaded data from https://drive.google.com/file/d/1zpBuGm1QOBWH9-NAcx-_7NQ-aidcvk8P/view?usp=sharing into file artifacts/data_ingestion/data.zip]
[2025-08-20 12:51:10,521: INFO: main: >>>>>> stage Data Ingestion stage completed <<<<<<

x==========x]
[2025-08-20 12:51:10,521: INFO: main: *******************]
[2025-08-20 12:51:10,521: INFO: main: >>>>>> stage Prepare base model started <<<<<<]
[2025-08-20 12:51:10,537: INFO: common: yaml file: config\config.yaml loaded successfully]
[2025-08-20 12:51:10,537: INFO: common: yaml file: params.yaml loaded successfully]
[2025-08-20 12:51:10,537: INFO: common: created directory at: artifacts]
[2025-08-20 12:51:10,552: INFO: common: created directory at: artifacts/prepare_base_model]
[2025-08-20 12:51:11,856: WARNING: saving_utils: Compiled the loaded model, but the compiled metrics have yet to be built. `model.compile_metrics` will be empty until you train or evaluate the model.]
[2025-08-20 12:51:12,137: INFO: main: >>>>>> stage Prepare base model completed <<<<<<

x==========x]
[2025-08-20 12:51:12,137: INFO: main: *******************]
[2025-08-20 12:51:12,137: INFO: main: >>>>>> stage Training started <<<<<<]
[2025-08-20 12:51:12,137: INFO: common: yaml file: config\config.yaml loaded successfully]
[2025-08-20 12:51:12,137: INFO: common: yaml file: params.yaml loaded successfully]
[2025-08-20 12:51:12,137: INFO: common: created directory at: artifacts]
[2025-08-20 12:51:12,137: INFO: common: created directory at: artifacts\training]
[2025-08-20 12:55:02,989: INFO: main: >>>>>> stage Training completed <<<<<<

x==========x]
[2025-08-20 12:55:02,989: INFO: main: *******************]
[2025-08-20 12:55:02,989: INFO: main: >>>>>> stage Evaluation stage started <<<<<<]
[2025-08-20 12:55:02,989: INFO: common: yaml file: config\config.yaml loaded successfully]
[2025-08-20 12:55:02,989: INFO: common: yaml file: params.yaml loaded successfully]
[2025-08-20 12:55:02,989: INFO: common: created directory at: artifacts]
[2025-08-20 12:56:28,677: INFO: common: json file saved at: scores.json]
[2025-08-20 12:56:28,693: INFO: common: json file saved at: scores.json]
[2025-08-20 12:56:30,083: INFO: _client: HTTP Request: GET https://dagshub.com/api/v1/user "HTTP/1.1 200 OK"]
[2025-08-20 12:56:30,099: INFO: helpers: Accessing as deepaku0222]
[2025-08-20 12:56:34,036: INFO: _client: HTTP Request: GET https://dagshub.com/api/v1/repos/deepaku0222/Kidney-Disease-Classification-MLflow-DVC "HTTP/1.1 200 OK"]
[2025-08-20 12:56:35,583: INFO: _client: HTTP Request: GET https://dagshub.com/api/v1/user "HTTP/1.1 200 OK"]
[2025-08-20 12:56:35,583: INFO: helpers: Initialized MLflow to track repo "deepaku0222/Kidney-Disease-Classification-MLflow-DVC"]
[2025-08-20 12:56:35,599: INFO: helpers: Repository deepaku0222/Kidney-Disease-Classification-MLflow-DVC initialized!]
[2025-08-20 12:56:42,615: WARNING: save: Found untraced functions such as _jit_compiled_convolution_op, _jit_compiled_convolution_op, _jit_compiled_convolution_op, _jit_compiled_convolution_op, _jit_compiled_convolution_op while saving (showing 5 of 14). These functions will not be directly callable after loading.]
[2025-08-20 12:56:44,130: INFO: builder_impl: Assets written to: C:\Users\deepak\AppData\Local\Temp\tmp1jdwouao\model\data\model\assets]
[2025-08-20 12:57:29,505: INFO: main: >>>>>> stage Evaluation stage completed <<<<<<

x==========x]
[2025-08-20 13:02:55,682: INFO: main: >>>>>> stage Data Ingestion stage started <<<<<<]
[2025-08-20 13:02:55,682: INFO: common: yaml file: config\config.yaml loaded successfully]
[2025-08-20 13:02:55,698: INFO: common: yaml file: params.yaml loaded successfully]
[2025-08-20 13:02:55,698: INFO: common: created directory at: artifacts]
[2025-08-20 13:02:55,698: INFO: common: created directory at: artifacts/data_ingestion]
[2025-08-20 13:02:55,698: INFO: data_ingestion: Downloading data from https://drive.google.com/file/d/1zpBuGm1QOBWH9-NAcx-_7NQ-aidcvk8P/view?usp=sharing into file artifacts/data_ingestion/data.zip]
[2025-08-20 13:03:18,479: INFO: data_ingestion: Downloaded data from https://drive.google.com/file/d/1zpBuGm1QOBWH9-NAcx-_7NQ-aidcvk8P/view?usp=sharing into file artifacts/data_ingestion/data.zip]
[2025-08-20 13:03:19,089: INFO: main: >>>>>> stage Data Ingestion stage completed <<<<<<

x==========x]
[2025-08-20 13:03:19,089: INFO: main: *******************]
[2025-08-20 13:03:19,089: INFO: main: >>>>>> stage Prepare base model started <<<<<<]
[2025-08-20 13:03:19,089: INFO: common: yaml file: config\config.yaml loaded successfully]
[2025-08-20 13:03:19,089: INFO: common: yaml file: params.yaml loaded successfully]
[2025-08-20 13:03:19,089: INFO: common: created directory at: artifacts]
[2025-08-20 13:03:19,089: INFO: common: created directory at: artifacts/prepare_base_model]
[2025-08-20 13:03:19,682: WARNING: saving_utils: Compiled the loaded model, but the compiled metrics have yet to be built. `model.compile_metrics` will be empty until you train or evaluate the model.]
[2025-08-20 13:03:21,136: INFO: main: >>>>>> stage Prepare base model completed <<<<<<

x==========x]
[2025-08-20 13:03:21,136: INFO: main: *******************]
[2025-08-20 13:03:21,136: INFO: main: >>>>>> stage Training started <<<<<<]
[2025-08-20 13:03:21,151: INFO: common: yaml file: config\config.yaml loaded successfully]
[2025-08-20 13:03:21,151: INFO: common: yaml file: params.yaml loaded successfully]
[2025-08-20 13:03:21,151: INFO: common: created directory at: artifacts]
[2025-08-20 13:03:21,151: INFO: common: created directory at: artifacts\training]
[2025-08-20 13:11:31,964: INFO: main: >>>>>> stage Training completed <<<<<<

x==========x]
[2025-08-20 13:11:31,964: INFO: main: *******************]
[2025-08-20 13:11:31,964: INFO: main: >>>>>> stage Evaluation stage started <<<<<<]
[2025-08-20 13:11:31,964: INFO: common: yaml file: config\config.yaml loaded successfully]
[2025-08-20 13:11:31,964: INFO: common: yaml file: params.yaml loaded successfully]
[2025-08-20 13:11:31,964: INFO: common: created directory at: artifacts]
[2025-08-20 13:12:58,588: INFO: common: json file saved at: scores.json]
[2025-08-20 13:12:58,588: INFO: common: json file saved at: scores.json]
[2025-08-20 13:12:59,525: INFO: _client: HTTP Request: GET https://dagshub.com/api/v1/user "HTTP/1.1 200 OK"]
[2025-08-20 13:12:59,541: INFO: helpers: Accessing as deepaku0222]
[2025-08-20 13:13:00,494: INFO: _client: HTTP Request: GET https://dagshub.com/api/v1/repos/deepaku0222/Kidney-Disease-Classification-MLflow-DVC "HTTP/1.1 200 OK"]
[2025-08-20 13:13:01,244: INFO: _client: HTTP Request: GET https://dagshub.com/api/v1/user "HTTP/1.1 200 OK"]
[2025-08-20 13:13:01,244: INFO: helpers: Initialized MLflow to track repo "deepaku0222/Kidney-Disease-Classification-MLflow-DVC"]
[2025-08-20 13:13:01,244: INFO: helpers: Repository deepaku0222/Kidney-Disease-Classification-MLflow-DVC initialized!]
[2025-08-20 13:13:05,432: WARNING: save: Found untraced functions such as _jit_compiled_convolution_op, _jit_compiled_convolution_op, _jit_compiled_convolution_op, _jit_compiled_convolution_op, _jit_compiled_convolution_op while saving (showing 5 of 14). These functions will not be directly callable after loading.]
[2025-08-20 13:13:06,963: INFO: builder_impl: Assets written to: C:\Users\deepak\AppData\Local\Temp\tmp4rzcw578\model\data\model\assets]
[2025-08-20 13:13:59,306: INFO: main: >>>>>> stage Evaluation stage completed <<<<<<

x==========x]
[2025-08-20 13:27:27,164: INFO: main: >>>>>> stage Data Ingestion stage started <<<<<<]
[2025-08-20 13:27:27,164: INFO: common: yaml file: config\config.yaml loaded successfully]
[2025-08-20 13:27:27,164: INFO: common: yaml file: params.yaml loaded successfully]
[2025-08-20 13:27:27,164: INFO: common: created directory at: artifacts]
[2025-08-20 13:27:27,164: INFO: common: created directory at: artifacts/data_ingestion]
[2025-08-20 13:27:27,164: INFO: data_ingestion: Downloading data from https://drive.google.com/file/d/1zpBuGm1QOBWH9-NAcx-_7NQ-aidcvk8P/view?usp=sharing into file artifacts/data_ingestion/data.zip]
[2025-08-20 13:27:49,288: INFO: data_ingestion: Downloaded data from https://drive.google.com/file/d/1zpBuGm1QOBWH9-NAcx-_7NQ-aidcvk8P/view?usp=sharing into file artifacts/data_ingestion/data.zip]
[2025-08-20 13:27:49,991: INFO: main: >>>>>> stage Data Ingestion stage completed <<<<<<

x==========x]
[2025-08-20 13:27:49,991: INFO: main: *******************]
[2025-08-20 13:27:49,991: INFO: main: >>>>>> stage Prepare base model started <<<<<<]
[2025-08-20 13:27:49,991: INFO: common: yaml file: config\config.yaml loaded successfully]
[2025-08-20 13:27:49,991: INFO: common: yaml file: params.yaml loaded successfully]
[2025-08-20 13:27:50,007: INFO: common: created directory at: artifacts]
[2025-08-20 13:27:50,007: INFO: common: created directory at: artifacts/prepare_base_model]
[2025-08-20 13:27:50,648: WARNING: saving_utils: Compiled the loaded model, but the compiled metrics have yet to be built. `model.compile_metrics` will be empty until you train or evaluate the model.]
[2025-08-20 13:27:52,101: INFO: main: >>>>>> stage Prepare base model completed <<<<<<

x==========x]
[2025-08-20 13:27:52,101: INFO: main: *******************]
[2025-08-20 13:27:52,101: INFO: main: >>>>>> stage Training started <<<<<<]
[2025-08-20 13:27:52,101: INFO: common: yaml file: config\config.yaml loaded successfully]
[2025-08-20 13:27:52,116: INFO: common: yaml file: params.yaml loaded successfully]
[2025-08-20 13:27:52,116: INFO: common: created directory at: artifacts]
[2025-08-20 13:27:52,116: INFO: common: created directory at: artifacts\training]
[2025-08-20 13:40:35,893: INFO: main: >>>>>> stage Training completed <<<<<<

x==========x]
[2025-08-20 13:40:35,893: INFO: main: *******************]
[2025-08-20 13:40:35,893: INFO: main: >>>>>> stage Evaluation stage started <<<<<<]
[2025-08-20 13:40:35,893: INFO: common: yaml file: config\config.yaml loaded successfully]
[2025-08-20 13:40:35,893: INFO: common: yaml file: params.yaml loaded successfully]
[2025-08-20 13:40:35,893: INFO: common: created directory at: artifacts]
[2025-08-20 13:41:55,970: INFO: common: json file saved at: scores.json]
[2025-08-20 13:41:55,970: INFO: common: json file saved at: scores.json]
[2025-08-20 13:41:56,829: INFO: _client: HTTP Request: GET https://dagshub.com/api/v1/user "HTTP/1.1 200 OK"]
[2025-08-20 13:41:56,845: INFO: helpers: Accessing as deepaku0222]
[2025-08-20 13:41:57,720: INFO: _client: HTTP Request: GET https://dagshub.com/api/v1/repos/deepaku0222/Kidney-Disease-Classification-MLflow-DVC "HTTP/1.1 200 OK"]
[2025-08-20 13:41:58,751: INFO: _client: HTTP Request: GET https://dagshub.com/api/v1/user "HTTP/1.1 200 OK"]
[2025-08-20 13:41:58,751: INFO: helpers: Initialized MLflow to track repo "deepaku0222/Kidney-Disease-Classification-MLflow-DVC"]
[2025-08-20 13:41:58,751: INFO: helpers: Repository deepaku0222/Kidney-Disease-Classification-MLflow-DVC initialized!]
[2025-08-20 13:42:02,735: WARNING: save: Found untraced functions such as _jit_compiled_convolution_op, _jit_compiled_convolution_op, _jit_compiled_convolution_op, _jit_compiled_convolution_op, _jit_compiled_convolution_op while saving (showing 5 of 14). These functions will not be directly callable after loading.]
[2025-08-20 13:42:04,251: INFO: builder_impl: Assets written to: C:\Users\deepak\AppData\Local\Temp\tmpes4h8363\model\data\model\assets]
[2025-08-20 13:42:51,781: INFO: main: >>>>>> stage Evaluation stage completed <<<<<<

x==========x]
[2025-08-20 13:51:57,642: INFO: main: >>>>>> stage Data Ingestion stage started <<<<<<]
[2025-08-20 13:51:57,642: INFO: common: yaml file: config\config.yaml loaded successfully]
[2025-08-20 13:51:57,658: INFO: common: yaml file: params.yaml loaded successfully]
[2025-08-20 13:51:57,658: INFO: common: created directory at: artifacts]
[2025-08-20 13:51:57,658: INFO: common: created directory at: artifacts/data_ingestion]
[2025-08-20 13:51:57,658: INFO: data_ingestion: Downloading data from https://drive.google.com/file/d/1zpBuGm1QOBWH9-NAcx-_7NQ-aidcvk8P/view?usp=sharing into file artifacts/data_ingestion/data.zip]
[2025-08-20 13:52:16,595: INFO: data_ingestion: Downloaded data from https://drive.google.com/file/d/1zpBuGm1QOBWH9-NAcx-_7NQ-aidcvk8P/view?usp=sharing into file artifacts/data_ingestion/data.zip]
[2025-08-20 13:52:17,189: INFO: main: >>>>>> stage Data Ingestion stage completed <<<<<<

x==========x]
[2025-08-20 13:52:17,189: INFO: main: *******************]
[2025-08-20 13:52:17,189: INFO: main: >>>>>> stage Prepare base model started <<<<<<]
[2025-08-20 13:52:17,205: INFO: common: yaml file: config\config.yaml loaded successfully]
[2025-08-20 13:52:17,205: INFO: common: yaml file: params.yaml loaded successfully]
[2025-08-20 13:52:17,205: INFO: common: created directory at: artifacts]
[2025-08-20 13:52:17,205: INFO: common: created directory at: artifacts/prepare_base_model]
[2025-08-20 13:52:17,861: WARNING: saving_utils: Compiled the loaded model, but the compiled metrics have yet to be built. `model.compile_metrics` will be empty until you train or evaluate the model.]
[2025-08-20 13:52:20,204: INFO: main: >>>>>> stage Prepare base model completed <<<<<<

x==========x]
[2025-08-20 13:52:20,204: INFO: main: *******************]
[2025-08-20 13:52:20,204: INFO: main: >>>>>> stage Training started <<<<<<]
[2025-08-20 13:52:20,204: INFO: common: yaml file: config\config.yaml loaded successfully]
[2025-08-20 13:52:20,220: INFO: common: yaml file: params.yaml loaded successfully]
[2025-08-20 13:52:20,220: INFO: common: created directory at: artifacts]
[2025-08-20 13:52:20,220: INFO: common: created directory at: artifacts\training]
[2025-08-20 14:14:32,075: INFO: main: >>>>>> stage Training completed <<<<<<

x==========x]
[2025-08-20 14:14:32,076: INFO: main: *******************]
[2025-08-20 14:14:32,077: INFO: main: >>>>>> stage Evaluation stage started <<<<<<]
[2025-08-20 14:14:32,081: INFO: common: yaml file: config\config.yaml loaded successfully]
[2025-08-20 14:14:32,085: INFO: common: yaml file: params.yaml loaded successfully]
[2025-08-20 14:14:32,086: INFO: common: created directory at: artifacts]
[2025-08-20 14:16:06,558: INFO: common: json file saved at: scores.json]
[2025-08-20 14:16:06,560: INFO: common: json file saved at: scores.json]
[2025-08-20 14:16:07,590: INFO: _client: HTTP Request: GET https://dagshub.com/api/v1/user "HTTP/1.1 200 OK"]
[2025-08-20 14:16:07,604: INFO: helpers: Accessing as deepaku0222]
[2025-08-20 14:16:08,801: INFO: _client: HTTP Request: GET https://dagshub.com/api/v1/repos/deepaku0222/Kidney-Disease-Classification-MLflow-DVC "HTTP/1.1 200 OK"]
[2025-08-20 14:16:09,787: INFO: _client: HTTP Request: GET https://dagshub.com/api/v1/user "HTTP/1.1 200 OK"]
[2025-08-20 14:16:09,790: INFO: helpers: Initialized MLflow to track repo "deepaku0222/Kidney-Disease-Classification-MLflow-DVC"]
[2025-08-20 14:16:09,792: INFO: helpers: Repository deepaku0222/Kidney-Disease-Classification-MLflow-DVC initialized!]
[2025-08-20 14:16:18,674: WARNING: save: Found untraced functions such as _jit_compiled_convolution_op, _jit_compiled_convolution_op, _jit_compiled_convolution_op, _jit_compiled_convolution_op, _jit_compiled_convolution_op while saving (showing 5 of 14). These functions will not be directly callable after loading.]
[2025-08-20 14:16:21,908: INFO: builder_impl: Assets written to: C:\Users\deepak\AppData\Local\Temp\tmpaetd9m41\model\data\model\assets]
[2025-08-20 14:18:03,930: INFO: main: >>>>>> stage Evaluation stage completed <<<<<<

x==========x]
